#! /usr/bin/vvp
:ivl_version "0.9.7 " "(v0_9_7)";
:vpi_time_precision + 0;
:vpi_module "system";
:vpi_module "v2005_math";
:vpi_module "va_math";
S_0x194cb60 .scope module, "bench" "bench" 2 1;
 .timescale 0 0;
v0x197bd80_0 .net "address_bus", 15 0, v0x197b760_0; 1 drivers
v0x197be50_0 .var "clock", 0 0;
RS_0x7f7535fdf0d8 .resolv tri, v0x197b800_0, L_0x197c930, C4<zzzzzzzz>, C4<zzzzzzzz>;
v0x197bf00_0 .net8 "data_bus", 7 0, RS_0x7f7535fdf0d8; 2 drivers
v0x197bf80_0 .net "data_dir", 0 0, v0x197b920_0; 1 drivers
v0x197c050_0 .var "data_in", 7 0;
v0x197c0d0_0 .var "reset", 0 0;
L_0x197cb20 .part v0x197b760_0, 0, 8;
S_0x197ad20 .scope module, "a1" "attocore" 2 8, 3 1, S_0x194cb60;
 .timescale 0 0;
v0x197aea0_0 .var "SystemState", 4 0;
v0x197af60_0 .net "addr", 15 0, L_0x197c150; 1 drivers
v0x197b000_0 .alias "address_bus", 15 0, v0x197bd80_0;
v0x197b9c0_5 .array/port v0x197b9c0, 5;
v0x197b0a0_0 .net "alu_a", 7 0, v0x197b9c0_5; 1 drivers
v0x197b9c0_6 .array/port v0x197b9c0, 6;
v0x197b150_0 .net "alu_b", 7 0, v0x197b9c0_6; 1 drivers
v0x197b9c0_7 .array/port v0x197b9c0, 7;
v0x197b1f0_0 .net "alu_y", 7 0, v0x197b9c0_7; 1 drivers
v0x197b2d0_0 .net "clock", 0 0, v0x197be50_0; 1 drivers
v0x197b370_0 .alias "data_bus", 7 0, v0x197bf00_0;
v0x197b440_0 .alias "data_dir", 0 0, v0x197bf80_0;
v0x197b9c0_4 .array/port v0x197b9c0, 4;
v0x197b4f0_0 .net "ir", 7 0, v0x197b9c0_4; 1 drivers
v0x197b5d0_0 .var "next_SystemState", 4 0;
v0x197b650_0 .net "pc", 15 0, L_0x197c250; 1 drivers
v0x197b760_0 .var "r_address_bus", 15 0;
v0x197b800_0 .var "r_data_bus", 7 0;
v0x197b920_0 .var "r_data_dir", 0 0;
v0x197b9c0 .array "regfile", 0 15, 7 0;
v0x197b880_0 .net "reset", 0 0, v0x197c0d0_0; 1 drivers
E_0x197ab90 .event posedge, v0x197b2d0_0;
E_0x197ae50 .event edge, v0x197b880_0;
v0x197b9c0_0 .array/port v0x197b9c0, 0;
v0x197b9c0_1 .array/port v0x197b9c0, 1;
L_0x197c150 .concat [ 8 8 0 0], v0x197b9c0_0, v0x197b9c0_1;
v0x197b9c0_2 .array/port v0x197b9c0, 2;
v0x197b9c0_3 .array/port v0x197b9c0, 3;
L_0x197c250 .concat [ 8 8 0 0], v0x197b9c0_2, v0x197b9c0_3;
S_0x194d400 .scope module, "r1" "rom" 2 9, 4 1, S_0x194cb60;
 .timescale 0 0;
v0x1935030_0 .net *"_s0", 7 0, L_0x197c830; 1 drivers
v0x197a9d0_0 .net *"_s2", 7 0, C4<zzzzzzzz>; 0 drivers
v0x197aa70_0 .net "address", 7 0, L_0x197cb20; 1 drivers
v0x197ab10_0 .alias "cs", 0 0, v0x197bf80_0;
v0x197abc0_0 .alias "data", 7 0, v0x197bf00_0;
v0x197ac60 .array "mem", 255 0, 7 0;
L_0x197c830 .array/port v0x197ac60, L_0x197cb20;
L_0x197c930 .functor MUXZ 8, C4<zzzzzzzz>, L_0x197c830, v0x197b920_0, C4<>;
    .scope S_0x197ad20;
T_0 ;
    %wait E_0x197ae50;
    %load/v 8, v0x197b880_0, 1;
    %inv 8, 1;
    %jmp/0xz  T_0.0, 8;
   %ix/load 1, 0, 0;
   %ix/load 3, 0, 0;
   %set/av v0x197b9c0, 0, 8;
   %ix/load 1, 0, 0;
   %ix/load 3, 1, 0;
   %set/av v0x197b9c0, 0, 8;
   %ix/load 1, 0, 0;
   %ix/load 3, 2, 0;
   %set/av v0x197b9c0, 0, 8;
   %ix/load 1, 0, 0;
   %ix/load 3, 3, 0;
   %set/av v0x197b9c0, 0, 8;
   %ix/load 1, 0, 0;
   %ix/load 3, 4, 0;
   %set/av v0x197b9c0, 0, 8;
   %ix/load 1, 0, 0;
   %ix/load 3, 5, 0;
   %set/av v0x197b9c0, 0, 8;
   %ix/load 1, 0, 0;
   %ix/load 3, 6, 0;
   %set/av v0x197b9c0, 0, 8;
   %ix/load 1, 0, 0;
   %ix/load 3, 7, 0;
   %set/av v0x197b9c0, 0, 8;
   %ix/load 1, 0, 0;
   %ix/load 3, 8, 0;
   %set/av v0x197b9c0, 0, 8;
   %ix/load 1, 0, 0;
   %ix/load 3, 9, 0;
   %set/av v0x197b9c0, 0, 8;
   %ix/load 1, 0, 0;
   %ix/load 3, 10, 0;
   %set/av v0x197b9c0, 0, 8;
   %ix/load 1, 0, 0;
   %ix/load 3, 11, 0;
   %set/av v0x197b9c0, 0, 8;
   %ix/load 1, 0, 0;
   %ix/load 3, 12, 0;
   %set/av v0x197b9c0, 0, 8;
   %ix/load 1, 0, 0;
   %ix/load 3, 13, 0;
   %set/av v0x197b9c0, 0, 8;
   %ix/load 1, 0, 0;
   %ix/load 3, 14, 0;
   %set/av v0x197b9c0, 0, 8;
   %ix/load 1, 0, 0;
   %ix/load 3, 15, 0;
   %set/av v0x197b9c0, 0, 8;
    %set/v v0x197aea0_0, 0, 5;
    %set/v v0x197b5d0_0, 0, 5;
    %set/v v0x197b920_0, 0, 1;
    %set/v v0x197b800_0, 3, 8;
    %set/v v0x197b760_0, 0, 16;
T_0.0 ;
    %jmp T_0;
    .thread T_0, $push;
    .scope S_0x197ad20;
T_1 ;
    %wait E_0x197ab90;
    %load/v 8, v0x197b5d0_0, 5;
    %set/v v0x197aea0_0, 8, 5;
    %load/v 8, v0x197aea0_0, 5;
    %cmpi/u 8, 0, 5;
    %jmp/1 T_1.0, 6;
    %cmpi/u 8, 1, 5;
    %jmp/1 T_1.1, 6;
    %cmpi/u 8, 2, 5;
    %jmp/1 T_1.2, 6;
    %cmpi/u 8, 3, 5;
    %jmp/1 T_1.3, 6;
    %cmpi/u 8, 4, 5;
    %jmp/1 T_1.4, 6;
    %cmpi/u 8, 5, 5;
    %jmp/1 T_1.5, 6;
    %cmpi/u 8, 6, 5;
    %jmp/1 T_1.6, 6;
    %cmpi/u 8, 7, 5;
    %jmp/1 T_1.7, 6;
    %cmpi/u 8, 8, 5;
    %jmp/1 T_1.8, 6;
    %cmpi/u 8, 9, 5;
    %jmp/1 T_1.9, 6;
    %jmp T_1.10;
T_1.0 ;
    %set/v v0x197b800_0, 3, 8;
    %ix/load 3, 2, 0;
    %mov 4, 0, 1;
    %load/av 8, v0x197b9c0, 8;
    %ix/load 3, 3, 0;
    %mov 4, 0, 1;
    %load/av 16, v0x197b9c0, 8;
    %set/v v0x197b760_0, 8, 16;
    %set/v v0x197b920_0, 1, 1;
    %movi 8, 1, 5;
    %set/v v0x197b5d0_0, 8, 5;
    %jmp T_1.10;
T_1.1 ;
    %load/v 8, v0x197b370_0, 8;
   %ix/load 1, 0, 0;
   %ix/load 3, 4, 0;
   %set/av v0x197b9c0, 8, 8;
    %ix/load 3, 2, 0;
    %mov 4, 0, 1;
    %load/av 40, v0x197b9c0, 8;
    %ix/load 3, 3, 0;
    %mov 4, 0, 1;
    %load/av 48, v0x197b9c0, 8;
    %mov 8, 40, 16;
    %mov 24, 0, 16;
    %addi 8, 1, 32;
   %ix/load 1, 0, 0;
   %ix/load 3, 2, 0;
   %set/av v0x197b9c0, 8, 8;
   %ix/load 1, 0, 0;
   %ix/load 3, 3, 0;
   %set/av v0x197b9c0, 16, 8;
    %movi 8, 5, 4;
    %ix/load 3, 4, 0;
    %mov 4, 0, 1;
    %jmp/1 T_1.11, 4;
    %ix/get/s 0, 8, 4;
T_1.11 ;
    %load/avx.p 8, v0x197b9c0, 0;
    %load/avx.p 9, v0x197b9c0, 0;
    %load/avx.p 10, v0x197b9c0, 0;
; Save base=8 wid=3 in lookaside.
    %cmpi/u 8, 0, 3;
    %jmp/1 T_1.12, 6;
    %cmpi/u 8, 1, 3;
    %jmp/1 T_1.13, 6;
    %cmpi/u 8, 2, 3;
    %jmp/1 T_1.14, 6;
    %cmpi/u 8, 3, 3;
    %jmp/1 T_1.15, 6;
    %cmpi/u 8, 4, 3;
    %jmp/1 T_1.16, 6;
    %cmpi/u 8, 5, 3;
    %jmp/1 T_1.17, 6;
    %cmpi/u 8, 6, 3;
    %jmp/1 T_1.18, 6;
    %jmp T_1.19;
T_1.12 ;
    %set/v v0x197b5d0_0, 0, 5;
    %jmp T_1.19;
T_1.13 ;
    %ix/load 3, 0, 0;
    %mov 4, 0, 1;
    %load/av 8, v0x197b9c0, 8;
   %ix/load 1, 0, 0;
   %ix/load 3, 2, 0;
   %set/av v0x197b9c0, 8, 8;
    %ix/load 3, 1, 0;
    %mov 4, 0, 1;
    %load/av 8, v0x197b9c0, 8;
   %ix/load 1, 0, 0;
   %ix/load 3, 3, 0;
   %set/av v0x197b9c0, 8, 8;
    %movi 8, 2, 5;
    %set/v v0x197b5d0_0, 8, 5;
    %jmp T_1.19;
T_1.14 ;
    %movi 8, 3, 5;
    %set/v v0x197b5d0_0, 8, 5;
    %jmp T_1.19;
T_1.15 ;
    %movi 8, 4, 5;
    %set/v v0x197b5d0_0, 8, 5;
    %jmp T_1.19;
T_1.16 ;
    %movi 8, 6, 5;
    %set/v v0x197b5d0_0, 8, 5;
    %jmp T_1.19;
T_1.17 ;
    %movi 8, 7, 5;
    %set/v v0x197b5d0_0, 8, 5;
    %jmp T_1.19;
T_1.18 ;
    %movi 8, 8, 5;
    %set/v v0x197b5d0_0, 8, 5;
    %jmp T_1.19;
T_1.19 ;
    %jmp T_1.10;
T_1.2 ;
    %set/v v0x197b5d0_0, 0, 5;
    %jmp T_1.10;
T_1.3 ;
    %set/v v0x197b5d0_0, 0, 5;
    %jmp T_1.10;
T_1.4 ;
    %set/v v0x197b800_0, 3, 8;
    %ix/load 3, 2, 0;
    %mov 4, 0, 1;
    %load/av 8, v0x197b9c0, 8;
    %ix/load 3, 3, 0;
    %mov 4, 0, 1;
    %load/av 16, v0x197b9c0, 8;
    %set/v v0x197b760_0, 8, 16;
    %set/v v0x197b920_0, 1, 1;
    %movi 8, 5, 5;
    %set/v v0x197b5d0_0, 8, 5;
    %jmp T_1.10;
T_1.5 ;
    %ix/load 3, 2, 0;
    %mov 4, 0, 1;
    %load/av 40, v0x197b9c0, 8;
    %ix/load 3, 3, 0;
    %mov 4, 0, 1;
    %load/av 48, v0x197b9c0, 8;
    %mov 8, 40, 16;
    %mov 24, 0, 16;
    %addi 8, 1, 32;
   %ix/load 1, 0, 0;
   %ix/load 3, 2, 0;
   %set/av v0x197b9c0, 8, 8;
   %ix/load 1, 0, 0;
   %ix/load 3, 3, 0;
   %set/av v0x197b9c0, 16, 8;
    %load/v 8, v0x197b370_0, 8;
    %ix/load 3, 4, 0;
    %mov 4, 0, 1;
    %jmp/1 T_1.20, 4;
    %ix/get/s 0, 0, 2;
T_1.20 ;
    %load/avx.p 16, v0x197b9c0, 0;
    %load/avx.p 17, v0x197b9c0, 0;
    %load/avx.p 18, v0x197b9c0, 0;
    %load/avx.p 19, v0x197b9c0, 0;
; Save base=16 wid=4 in lookaside.
    %ix/get 3, 16, 4;
   %jmp/1 t_0, 4;
   %ix/load 1, 0, 0;
   %set/av v0x197b9c0, 8, 8;
t_0 ;
    %set/v v0x197b5d0_0, 0, 5;
    %jmp T_1.10;
T_1.6 ;
    %set/v v0x197b5d0_0, 0, 5;
    %jmp T_1.10;
T_1.7 ;
    %set/v v0x197b5d0_0, 0, 5;
    %jmp T_1.10;
T_1.8 ;
    %set/v v0x197b5d0_0, 0, 5;
    %jmp T_1.10;
T_1.9 ;
    %set/v v0x197b5d0_0, 0, 5;
    %jmp T_1.10;
T_1.10 ;
    %jmp T_1;
    .thread T_1;
    .scope S_0x194d400;
T_2 ;
    %vpi_call 4 11 "$readmemb", "rom.txt", v0x197ac60;
    %end;
    .thread T_2;
    .scope S_0x194cb60;
T_3 ;
    %vpi_call 2 12 "$dumpvars", 1'sb0, S_0x194cb60;
    %set/v v0x197c0d0_0, 0, 1;
    %set/v v0x197be50_0, 0, 1;
    %set/v v0x197c050_0, 0, 8;
    %delay 5, 0;
    %set/v v0x197c0d0_0, 1, 1;
    %delay 800, 0;
    %vpi_call 2 19 "$finish";
    %end;
    .thread T_3;
    .scope S_0x194cb60;
T_4 ;
    %delay 10, 0;
    %load/v 8, v0x197be50_0, 1;
    %inv 8, 1;
    %set/v v0x197be50_0, 8, 1;
    %jmp T_4;
    .thread T_4;
# The file index is used to find the file name in the following table.
:file_names 5;
    "N/A";
    "<interactive>";
    "cpu_bench.v";
    "cpu.v";
    "rom.v";
